2026-02-23T17:41:41.001663Z  INFO events: emitting primary UI button click event event="ui.button_click.emit" source="ui_input.primary" entity_id=3 entity_generation=0 mouse_x=379.91796875 mouse_y=411.67578125
2026-02-23T17:41:41.017609Z  INFO events: consumed UI button click signals for scene flow event="ui.button_click.consume" active_scene=0 drained_count=1 primary_clicked_from_events=true secondary_clicked_from_events=false primary_clicked=true secondary_clicked=false
2026-02-23T17:41:41.017639Z  INFO events: applied scene action event="scene.action.apply" action="go_to" from_scene=0 to_scene=3
2026-02-23T17:41:42.767771Z  INFO events: applied pause toggle input event="scene.pause_toggle" from_scene=3 to_scene=2 pause_toggle_pressed=false pause_toggle_key_down=true
2026-02-23T17:45:46.286660Z  INFO events: events trace log initialized event="events.trace.ready" file="logs/events.log"
2026-02-23T17:45:49.353355Z  INFO events: emitting primary UI button click event event="ui.button_click.emit" source="ui_input.primary" entity_id=3 entity_generation=0 mouse_x=372.109375 mouse_y=410.8828125
2026-02-23T17:45:49.369352Z  INFO events: consumed UI button click signals for scene flow event="ui.button_click.consume" active_scene=0 drained_count=1 primary_clicked_from_events=true secondary_clicked_from_events=false primary_clicked=true secondary_clicked=false
2026-02-23T17:45:49.369384Z  INFO events: applied scene action event="scene.action.apply" action="go_to" from_scene=0 to_scene=3
2026-02-23T17:45:50.502320Z  INFO events: applied pause toggle input event="scene.pause_toggle" from_scene=3 to_scene=2 pause_toggle_pressed=false pause_toggle_key_down=true
2026-02-23T17:48:58.446707Z  INFO events: events trace log initialized event="events.trace.ready" file="logs/events.log"
2026-02-23T17:49:01.637200Z  INFO events: received left mouse press in ui input system event="input.left_mouse_pressed" mouse_x=354.78515625 mouse_y=411.87890625 overlay_visible=true editor_enabled=false
2026-02-23T17:49:01.637254Z  INFO events: emitting primary UI button click event event="ui.button_click.emit" source="ui_input.primary" entity_id=3 entity_generation=0 mouse_x=354.78515625 mouse_y=411.87890625
2026-02-23T17:49:01.653723Z  INFO events: consumed UI button click signals for scene flow event="ui.button_click.consume" active_scene=0 drained_count=1 primary_clicked_from_events=true secondary_clicked_from_events=false primary_clicked=true secondary_clicked=false
2026-02-23T17:49:01.653751Z  INFO events: applied scene action event="scene.action.apply" action="go_to" from_scene=0 to_scene=3
2026-02-23T17:49:02.902782Z  INFO events: applied pause toggle input event="scene.pause_toggle" from_scene=3 to_scene=2 pause_toggle_pressed=false pause_toggle_key_down=true
2026-02-23T17:49:03.504367Z  INFO events: received left mouse press in ui input system event="input.left_mouse_pressed" mouse_x=219.95703125 mouse_y=407.47265625 overlay_visible=true editor_enabled=false
2026-02-23T17:49:04.070498Z  INFO events: received left mouse press in ui input system event="input.left_mouse_pressed" mouse_x=219.95703125 mouse_y=407.47265625 overlay_visible=true editor_enabled=false
2026-02-23T17:49:04.553766Z  INFO events: received left mouse press in ui input system event="input.left_mouse_pressed" mouse_x=219.95703125 mouse_y=407.47265625 overlay_visible=true editor_enabled=false
2026-02-23T17:49:05.020559Z  INFO events: received left mouse press in ui input system event="input.left_mouse_pressed" mouse_x=219.95703125 mouse_y=407.47265625 overlay_visible=true editor_enabled=false
2026-02-23T17:52:40.203041Z  INFO events: events trace log initialized event="events.trace.ready" file="logs/events.log"
2026-02-23T17:52:43.888771Z  INFO events: received left mouse press in ui input system event="input.left_mouse_pressed" mouse_x=405.2578125 mouse_y=417.68359375 overlay_visible=true editor_enabled=false
2026-02-23T17:52:43.888842Z  INFO events: emitting primary UI button click event event="ui.button_click.emit" source="ui_input.primary" entity_id=3 entity_generation=0 mouse_x=405.2578125 mouse_y=417.68359375
2026-02-23T17:52:43.888924Z  INFO events: left click reached template flow system event="scene.template_flow.left_press" active_scene=0 mouse_x=405.2578125 mouse_y=417.68359375
2026-02-23T17:52:43.888953Z  INFO events: secondary button visibility state at click event="ui.secondary.visibility" active_scene=0 entity_id=4 entity_generation=0 visible=true
2026-02-23T17:52:43.888993Z  INFO events: evaluated secondary button hit test event="ui.secondary.hit_test" active_scene=0 entity_id=4 entity_generation=0 mouse_x=405.2578125 mouse_y=417.68359375 hovered=false button_enabled=true rect_x=157.0 rect_y=398.0 rect_w=154.0 rect_h=36.0
2026-02-23T17:52:43.889027Z  INFO events: consumed UI button click signals for scene flow event="ui.button_click.consume" active_scene=0 drained_count=1 primary_clicked_from_events=true secondary_clicked_from_events=false primary_clicked=true secondary_clicked=false
2026-02-23T17:52:43.889052Z  INFO events: applied scene action event="scene.action.apply" action="go_to" from_scene=0 to_scene=3
2026-02-23T17:52:45.378995Z  INFO events: applied pause toggle input event="scene.pause_toggle" from_scene=3 to_scene=2 pause_toggle_pressed=true pause_toggle_key_down=true
2026-02-23T17:52:46.371748Z  INFO events: received left mouse press in ui input system event="input.left_mouse_pressed" mouse_x=242.37890625 mouse_y=411.9453125 overlay_visible=true editor_enabled=false
2026-02-23T17:52:46.371840Z  INFO events: left click reached template flow system event="scene.template_flow.left_press" active_scene=2 mouse_x=242.37890625 mouse_y=411.9453125
2026-02-23T17:52:46.371866Z  INFO events: secondary button visibility state at click event="ui.secondary.visibility" active_scene=2 entity_id=4 entity_generation=0 visible=true
2026-02-23T17:52:46.371905Z  INFO events: evaluated secondary button hit test event="ui.secondary.hit_test" active_scene=2 entity_id=4 entity_generation=0 mouse_x=242.37890625 mouse_y=411.9453125 hovered=true button_enabled=true rect_x=157.0 rect_y=398.0 rect_w=154.0 rect_h=36.0
2026-02-23T17:52:46.371933Z  INFO events: emitting secondary UI button click event event="ui.button_click.emit" source="scene_template.secondary" entity_id=4 entity_generation=0 mouse_x=242.37890625 mouse_y=411.9453125
2026-02-23T17:52:46.371968Z  INFO events: consumed UI button click signals for scene flow event="ui.button_click.consume" active_scene=2 drained_count=1 primary_clicked_from_events=false secondary_clicked_from_events=true primary_clicked=false secondary_clicked=true
2026-02-23T17:52:46.371989Z  INFO events: applied scene action event="scene.action.apply" action="main_menu" from_scene=2 to_scene=0 previous_before=3
2026-02-23T17:52:49.821667Z  INFO events: received left mouse press in ui input system event="input.left_mouse_pressed" mouse_x=271.64453125 mouse_y=424.0234375 overlay_visible=true editor_enabled=false
2026-02-23T17:52:49.821773Z  INFO events: left click reached template flow system event="scene.template_flow.left_press" active_scene=0 mouse_x=271.64453125 mouse_y=424.0234375
2026-02-23T17:52:49.821798Z  INFO events: secondary button visibility state at click event="ui.secondary.visibility" active_scene=0 entity_id=4 entity_generation=0 visible=true
2026-02-23T17:52:49.821837Z  INFO events: evaluated secondary button hit test event="ui.secondary.hit_test" active_scene=0 entity_id=4 entity_generation=0 mouse_x=271.64453125 mouse_y=424.0234375 hovered=true button_enabled=true rect_x=157.0 rect_y=398.0 rect_w=154.0 rect_h=36.0
2026-02-23T17:52:49.821859Z  INFO events: emitting secondary UI button click event event="ui.button_click.emit" source="scene_template.secondary" entity_id=4 entity_generation=0 mouse_x=271.64453125 mouse_y=424.0234375
2026-02-23T17:52:49.821893Z  INFO events: consumed UI button click signals for scene flow event="ui.button_click.consume" active_scene=0 drained_count=1 primary_clicked_from_events=false secondary_clicked_from_events=true primary_clicked=false secondary_clicked=true
2026-02-23T17:52:49.821913Z  INFO events: applied scene action event="scene.action.apply" action="go_to" from_scene=0 to_scene=1 previous_after=0
2026-02-23T17:52:50.671390Z  INFO events: received left mouse press in ui input system event="input.left_mouse_pressed" mouse_x=372.12890625 mouse_y=409.7265625 overlay_visible=true editor_enabled=false
2026-02-23T17:52:50.671458Z  INFO events: emitting primary UI button click event event="ui.button_click.emit" source="ui_input.primary" entity_id=3 entity_generation=0 mouse_x=372.12890625 mouse_y=409.7265625
2026-02-23T17:52:50.671530Z  INFO events: left click reached template flow system event="scene.template_flow.left_press" active_scene=1 mouse_x=372.12890625 mouse_y=409.7265625
2026-02-23T17:52:50.671553Z  INFO events: secondary button visibility state at click event="ui.secondary.visibility" active_scene=1 entity_id=4 entity_generation=0 visible=false
2026-02-23T17:52:50.671581Z  INFO events: consumed UI button click signals for scene flow event="ui.button_click.consume" active_scene=1 drained_count=1 primary_clicked_from_events=true secondary_clicked_from_events=false primary_clicked=true secondary_clicked=false
2026-02-23T17:52:50.671602Z  INFO events: applied scene action event="scene.action.apply" action="back" from_scene=1 to_scene=0 previous_before=0
2026-02-23T17:52:51.405256Z  INFO events: received left mouse press in ui input system event="input.left_mouse_pressed" mouse_x=385.72265625 mouse_y=409.71484375 overlay_visible=true editor_enabled=false
2026-02-23T17:52:51.405318Z  INFO events: emitting primary UI button click event event="ui.button_click.emit" source="ui_input.primary" entity_id=3 entity_generation=0 mouse_x=385.72265625 mouse_y=409.71484375
2026-02-23T17:52:51.405387Z  INFO events: left click reached template flow system event="scene.template_flow.left_press" active_scene=0 mouse_x=385.72265625 mouse_y=409.71484375
2026-02-23T17:52:51.405412Z  INFO events: secondary button visibility state at click event="ui.secondary.visibility" active_scene=0 entity_id=4 entity_generation=0 visible=true
2026-02-23T17:52:51.405448Z  INFO events: evaluated secondary button hit test event="ui.secondary.hit_test" active_scene=0 entity_id=4 entity_generation=0 mouse_x=385.72265625 mouse_y=409.71484375 hovered=false button_enabled=true rect_x=157.0 rect_y=398.0 rect_w=154.0 rect_h=36.0
2026-02-23T17:52:51.405480Z  INFO events: consumed UI button click signals for scene flow event="ui.button_click.consume" active_scene=0 drained_count=1 primary_clicked_from_events=true secondary_clicked_from_events=false primary_clicked=true secondary_clicked=false
2026-02-23T17:52:51.405500Z  INFO events: applied scene action event="scene.action.apply" action="go_to" from_scene=0 to_scene=3
2026-02-23T17:52:52.841600Z  INFO events: applied pause toggle input event="scene.pause_toggle" from_scene=3 to_scene=2 pause_toggle_pressed=true pause_toggle_key_down=true
2026-02-23T17:52:53.405069Z  INFO events: received left mouse press in ui input system event="input.left_mouse_pressed" mouse_x=225.40625 mouse_y=424.1640625 overlay_visible=true editor_enabled=false
2026-02-23T17:52:53.405175Z  INFO events: left click reached template flow system event="scene.template_flow.left_press" active_scene=2 mouse_x=225.40625 mouse_y=424.1640625
2026-02-23T17:52:53.405201Z  INFO events: secondary button visibility state at click event="ui.secondary.visibility" active_scene=2 entity_id=4 entity_generation=0 visible=true
2026-02-23T17:52:53.405240Z  INFO events: evaluated secondary button hit test event="ui.secondary.hit_test" active_scene=2 entity_id=4 entity_generation=0 mouse_x=225.40625 mouse_y=424.1640625 hovered=true button_enabled=true rect_x=157.0 rect_y=398.0 rect_w=154.0 rect_h=36.0
2026-02-23T17:52:53.405261Z  INFO events: emitting secondary UI button click event event="ui.button_click.emit" source="scene_template.secondary" entity_id=4 entity_generation=0 mouse_x=225.40625 mouse_y=424.1640625
2026-02-23T17:52:53.405293Z  INFO events: consumed UI button click signals for scene flow event="ui.button_click.consume" active_scene=2 drained_count=1 primary_clicked_from_events=false secondary_clicked_from_events=true primary_clicked=false secondary_clicked=true
2026-02-23T17:52:53.405315Z  INFO events: applied scene action event="scene.action.apply" action="main_menu" from_scene=2 to_scene=0 previous_before=3
2026-02-23T17:55:03.262372Z  INFO events: events trace log initialized event="events.trace.ready" file="logs/events.log"
2026-02-23T17:55:08.206110Z  INFO events: received left mouse press in ui input system event="input.left_mouse_pressed" mouse_x=380.66796875 mouse_y=83.94140625 overlay_visible=true editor_enabled=false
2026-02-23T17:55:08.206209Z  INFO events: left click reached template flow system event="scene.template_flow.left_press" active_scene=0 mouse_x=380.66796875 mouse_y=83.94140625
2026-02-23T17:55:08.206236Z  INFO events: secondary button visibility state at click event="ui.secondary.visibility" active_scene=0 entity_id=4 entity_generation=0 visible=true
2026-02-23T17:55:08.206273Z  INFO events: evaluated secondary button hit test event="ui.secondary.hit_test" active_scene=0 entity_id=4 entity_generation=0 mouse_x=380.66796875 mouse_y=83.94140625 hovered=false button_enabled=true rect_x=157.0 rect_y=398.0 rect_w=154.0 rect_h=36.0
2026-02-23T17:55:08.922338Z  INFO events: received left mouse press in ui input system event="input.left_mouse_pressed" mouse_x=156.94140625 mouse_y=54.453125 overlay_visible=true editor_enabled=false
2026-02-23T17:55:08.922439Z  INFO events: left click reached template flow system event="scene.template_flow.left_press" active_scene=0 mouse_x=156.94140625 mouse_y=54.453125
2026-02-23T17:55:08.922466Z  INFO events: secondary button visibility state at click event="ui.secondary.visibility" active_scene=0 entity_id=4 entity_generation=0 visible=true
2026-02-23T17:55:08.922503Z  INFO events: evaluated secondary button hit test event="ui.secondary.hit_test" active_scene=0 entity_id=4 entity_generation=0 mouse_x=156.94140625 mouse_y=54.453125 hovered=false button_enabled=true rect_x=157.0 rect_y=398.0 rect_w=154.0 rect_h=36.0
2026-02-23T17:55:09.305460Z  INFO events: received left mouse press in ui input system event="input.left_mouse_pressed" mouse_x=175.75 mouse_y=66.0078125 overlay_visible=true editor_enabled=false
2026-02-23T17:55:09.305557Z  INFO events: left click reached template flow system event="scene.template_flow.left_press" active_scene=0 mouse_x=175.75 mouse_y=66.0078125
2026-02-23T17:55:09.305584Z  INFO events: secondary button visibility state at click event="ui.secondary.visibility" active_scene=0 entity_id=4 entity_generation=0 visible=true
2026-02-23T17:55:09.305621Z  INFO events: evaluated secondary button hit test event="ui.secondary.hit_test" active_scene=0 entity_id=4 entity_generation=0 mouse_x=175.75 mouse_y=66.0078125 hovered=false button_enabled=true rect_x=157.0 rect_y=398.0 rect_w=154.0 rect_h=36.0
2026-02-23T17:55:09.455766Z  INFO events: received left mouse press in ui input system event="input.left_mouse_pressed" mouse_x=175.75 mouse_y=66.0078125 overlay_visible=true editor_enabled=false
2026-02-23T17:55:09.455870Z  INFO events: left click reached template flow system event="scene.template_flow.left_press" active_scene=0 mouse_x=175.75 mouse_y=66.0078125
2026-02-23T17:55:09.455896Z  INFO events: secondary button visibility state at click event="ui.secondary.visibility" active_scene=0 entity_id=4 entity_generation=0 visible=true
2026-02-23T17:55:09.455935Z  INFO events: evaluated secondary button hit test event="ui.secondary.hit_test" active_scene=0 entity_id=4 entity_generation=0 mouse_x=175.75 mouse_y=66.0078125 hovered=false button_enabled=true rect_x=157.0 rect_y=398.0 rect_w=154.0 rect_h=36.0
2026-02-23T17:55:09.905937Z  INFO events: received left mouse press in ui input system event="input.left_mouse_pressed" mouse_x=175.75 mouse_y=66.0078125 overlay_visible=true editor_enabled=false
2026-02-23T17:55:09.906030Z  INFO events: left click reached template flow system event="scene.template_flow.left_press" active_scene=0 mouse_x=175.75 mouse_y=66.0078125
2026-02-23T17:55:09.906056Z  INFO events: secondary button visibility state at click event="ui.secondary.visibility" active_scene=0 entity_id=4 entity_generation=0 visible=true
2026-02-23T17:55:09.906095Z  INFO events: evaluated secondary button hit test event="ui.secondary.hit_test" active_scene=0 entity_id=4 entity_generation=0 mouse_x=175.75 mouse_y=66.0078125 hovered=false button_enabled=true rect_x=157.0 rect_y=398.0 rect_w=154.0 rect_h=36.0
2026-02-23T17:55:10.072265Z  INFO events: received left mouse press in ui input system event="input.left_mouse_pressed" mouse_x=175.75 mouse_y=66.0078125 overlay_visible=true editor_enabled=false
2026-02-23T17:55:10.072355Z  INFO events: left click reached template flow system event="scene.template_flow.left_press" active_scene=0 mouse_x=175.75 mouse_y=66.0078125
2026-02-23T17:55:10.072381Z  INFO events: secondary button visibility state at click event="ui.secondary.visibility" active_scene=0 entity_id=4 entity_generation=0 visible=true
2026-02-23T17:55:10.072419Z  INFO events: evaluated secondary button hit test event="ui.secondary.hit_test" active_scene=0 entity_id=4 entity_generation=0 mouse_x=175.75 mouse_y=66.0078125 hovered=false button_enabled=true rect_x=157.0 rect_y=398.0 rect_w=154.0 rect_h=36.0
2026-02-23T17:55:10.205908Z  INFO events: received left mouse press in ui input system event="input.left_mouse_pressed" mouse_x=175.75 mouse_y=66.0078125 overlay_visible=true editor_enabled=false
2026-02-23T17:55:10.206008Z  INFO events: left click reached template flow system event="scene.template_flow.left_press" active_scene=0 mouse_x=175.75 mouse_y=66.0078125
2026-02-23T17:55:10.206037Z  INFO events: secondary button visibility state at click event="ui.secondary.visibility" active_scene=0 entity_id=4 entity_generation=0 visible=true
2026-02-23T17:55:10.206077Z  INFO events: evaluated secondary button hit test event="ui.secondary.hit_test" active_scene=0 entity_id=4 entity_generation=0 mouse_x=175.75 mouse_y=66.0078125 hovered=false button_enabled=true rect_x=157.0 rect_y=398.0 rect_w=154.0 rect_h=36.0
2026-02-23T17:55:10.356034Z  INFO events: received left mouse press in ui input system event="input.left_mouse_pressed" mouse_x=175.75 mouse_y=66.0078125 overlay_visible=true editor_enabled=false
2026-02-23T17:55:10.356139Z  INFO events: left click reached template flow system event="scene.template_flow.left_press" active_scene=0 mouse_x=175.75 mouse_y=66.0078125
2026-02-23T17:55:10.356168Z  INFO events: secondary button visibility state at click event="ui.secondary.visibility" active_scene=0 entity_id=4 entity_generation=0 visible=true
2026-02-23T17:55:10.356207Z  INFO events: evaluated secondary button hit test event="ui.secondary.hit_test" active_scene=0 entity_id=4 entity_generation=0 mouse_x=175.75 mouse_y=66.0078125 hovered=false button_enabled=true rect_x=157.0 rect_y=398.0 rect_w=154.0 rect_h=36.0
